0 info it worked if it ends with ok
1 verbose cli [ '/usr/local/Cellar/node/0.10.13/bin/node',
1 verbose cli   '/usr/local/bin/npm',
1 verbose cli   'install' ]
2 info using npm@1.3.2
3 info using node@v0.10.13
4 verbose readDependencies using package.json deps
5 verbose install where, deps [ '/Users/user/undev/yogurt', [ 'yeoman-generator', 'mocha' ] ]
6 info preinstall generator-yougurt@0.0.0
7 verbose readDependencies using package.json deps
8 verbose cache add [ 'yeoman-generator@~0.14.0', null ]
9 verbose cache add name=undefined spec="yeoman-generator@~0.14.0" args=["yeoman-generator@~0.14.0",null]
10 verbose parsed url { protocol: null,
10 verbose parsed url   slashes: null,
10 verbose parsed url   auth: null,
10 verbose parsed url   host: null,
10 verbose parsed url   port: null,
10 verbose parsed url   hostname: null,
10 verbose parsed url   hash: null,
10 verbose parsed url   search: null,
10 verbose parsed url   query: null,
10 verbose parsed url   pathname: 'yeoman-generator@~0.14.0',
10 verbose parsed url   path: 'yeoman-generator@~0.14.0',
10 verbose parsed url   href: 'yeoman-generator@~0.14.0' }
11 verbose cache add name="yeoman-generator" spec="~0.14.0" args=["yeoman-generator","~0.14.0"]
12 verbose parsed url { protocol: null,
12 verbose parsed url   slashes: null,
12 verbose parsed url   auth: null,
12 verbose parsed url   host: null,
12 verbose parsed url   port: null,
12 verbose parsed url   hostname: null,
12 verbose parsed url   hash: null,
12 verbose parsed url   search: null,
12 verbose parsed url   query: null,
12 verbose parsed url   pathname: '~0.14.0',
12 verbose parsed url   path: '~0.14.0',
12 verbose parsed url   href: '~0.14.0' }
13 verbose addNamed [ 'yeoman-generator', '~0.14.0' ]
14 verbose addNamed [ null, '>=0.14.0-0 <0.15.0-0' ]
15 verbose cache add [ 'mocha@~1.14.0', null ]
16 verbose cache add name=undefined spec="mocha@~1.14.0" args=["mocha@~1.14.0",null]
17 verbose parsed url { protocol: null,
17 verbose parsed url   slashes: null,
17 verbose parsed url   auth: null,
17 verbose parsed url   host: null,
17 verbose parsed url   port: null,
17 verbose parsed url   hostname: null,
17 verbose parsed url   hash: null,
17 verbose parsed url   search: null,
17 verbose parsed url   query: null,
17 verbose parsed url   pathname: 'mocha@~1.14.0',
17 verbose parsed url   path: 'mocha@~1.14.0',
17 verbose parsed url   href: 'mocha@~1.14.0' }
18 verbose cache add name="mocha" spec="~1.14.0" args=["mocha","~1.14.0"]
19 verbose parsed url { protocol: null,
19 verbose parsed url   slashes: null,
19 verbose parsed url   auth: null,
19 verbose parsed url   host: null,
19 verbose parsed url   port: null,
19 verbose parsed url   hostname: null,
19 verbose parsed url   hash: null,
19 verbose parsed url   search: null,
19 verbose parsed url   query: null,
19 verbose parsed url   pathname: '~1.14.0',
19 verbose parsed url   path: '~1.14.0',
19 verbose parsed url   href: '~1.14.0' }
20 verbose addNamed [ 'mocha', '~1.14.0' ]
21 verbose addNamed [ null, '>=1.14.0-0 <1.15.0-0' ]
22 silly lockFile 149a9748-yeoman-generator-0-14-0 yeoman-generator@~0.14.0
23 verbose lock yeoman-generator@~0.14.0 /Users/user/.npm/149a9748-yeoman-generator-0-14-0.lock
24 silly lockFile e9395643-mocha-1-14-0 mocha@~1.14.0
25 verbose lock mocha@~1.14.0 /Users/user/.npm/e9395643-mocha-1-14-0.lock
26 silly lockFile 149a9748-yeoman-generator-0-14-0 yeoman-generator@~0.14.0
27 error Error: EACCES, open '/Users/user/.npm/149a9748-yeoman-generator-0-14-0.lock'
27 error  { [Error: EACCES, open '/Users/user/.npm/149a9748-yeoman-generator-0-14-0.lock']
27 error   errno: 3,
27 error   code: 'EACCES',
27 error   path: '/Users/user/.npm/149a9748-yeoman-generator-0-14-0.lock' }
28 error Please try running this command again as root/Administrator.
29 error System Darwin 13.0.0
30 error command "/usr/local/Cellar/node/0.10.13/bin/node" "/usr/local/bin/npm" "install"
31 error cwd /Users/user/undev/yogurt
32 error node -v v0.10.13
33 error npm -v 1.3.2
34 error path /Users/user/.npm/149a9748-yeoman-generator-0-14-0.lock
35 error code EACCES
36 error errno 3
37 error stack Error: EACCES, open '/Users/user/.npm/149a9748-yeoman-generator-0-14-0.lock'
38 verbose exit [ 3, true ]
